<?xml version="1.0" encoding="UTF-8"?>
<!-- Generated by org.testng.reporters.JUnitReportReporter -->
<testsuite hostname="PENNANT-VSP112" failures="2" tests="4" name="com.avengers.bus.services.implementation.FetchUserPassengersImplTest" time="0.013" errors="0" timestamp="2023-07-14T16:07:25 IST" skipped="0">
  <testcase classname="com.avengers.bus.services.implementation.FetchUserPassengersImplTest" name="testAddUserPassengers" time="0.001"/>
  <testcase classname="com.avengers.bus.services.implementation.FetchUserPassengersImplTest" name="testDeleteUserPassengers" time="0.002">
    <failure message="
Argument(s) are different! Wanted:
userPassengersDAO.deleteUserPassengers(
    UserPassengersId [user_id=0, passenger_name=null, age=0, gender=null]
);
-&gt; at com.avengers.bus.services.implementation.FetchUserPassengersImplTest.testDeleteUserPassengers(FetchUserPassengersImplTest.java:76)
Actual invocations have different arguments:
userPassengersDAO.persist(
    UserPassengers [user_id=0, passenger_name=null, age=0, gender=null]
);
-&gt; at com.avengers.bus.services.implementation.FetchUserPassengersImpl.addUserpassengers(FetchUserPassengersImpl.java:82)
userPassengersDAO.updateUserPassengers(
    UserPassengersId [user_id=0, passenger_name=null, age=0, gender=null]
);
-&gt; at com.avengers.bus.services.implementation.FetchUserPassengersImpl.addeditedpassengers(FetchUserPassengersImpl.java:56)
userPassengersDAO.deleteUserPassengers(
    UserPassengersId [user_id=0, passenger_name=null, age=0, gender=null]
);
-&gt; at com.avengers.bus.services.implementation.FetchUserPassengersImpl.deleteUserpassengers(FetchUserPassengersImpl.java:72)
" type="org.mockito.exceptions.verification.ArgumentsAreDifferent">
      <![CDATA[Argument(s) are different! Wanted:
userPassengersDAO.deleteUserPassengers(
    UserPassengersId [user_id=0, passenger_name=null, age=0, gender=null]
);
-> at com.avengers.bus.services.implementation.FetchUserPassengersImplTest.testDeleteUserPassengers(FetchUserPassengersImplTest.java:76)
Actual invocations have different arguments:
userPassengersDAO.persist(
    UserPassengers [user_id=0, passenger_name=null, age=0, gender=null]
);
-> at com.avengers.bus.services.implementation.FetchUserPassengersImpl.addUserpassengers(FetchUserPassengersImpl.java:82)
userPassengersDAO.updateUserPassengers(
    UserPassengersId [user_id=0, passenger_name=null, age=0, gender=null]
);
-> at com.avengers.bus.services.implementation.FetchUserPassengersImpl.addeditedpassengers(FetchUserPassengersImpl.java:56)
userPassengersDAO.deleteUserPassengers(
    UserPassengersId [user_id=0, passenger_name=null, age=0, gender=null]
);
-> at com.avengers.bus.services.implementation.FetchUserPassengersImpl.deleteUserpassengers(FetchUserPassengersImpl.java:72)

at com.avengers.bus.services.implementation.FetchUserPassengersImplTest.testDeleteUserPassengers(FetchUserPassengersImplTest.java:76)
at java.base/jdk.internal.reflect.NativeMethodAccessorImpl.invoke0(Native Method)
at java.base/jdk.internal.reflect.NativeMethodAccessorImpl.invoke(NativeMethodAccessorImpl.java:62)
at java.base/jdk.internal.reflect.DelegatingMethodAccessorImpl.invoke(DelegatingMethodAccessorImpl.java:43)
at java.base/java.lang.reflect.Method.invoke(Method.java:564)
at org.testng.internal.invokers.MethodInvocationHelper.invokeMethod(MethodInvocationHelper.java:139)
at org.testng.internal.invokers.TestInvoker.invokeMethod(TestInvoker.java:664)
at org.testng.internal.invokers.TestInvoker.invokeTestMethod(TestInvoker.java:227)
at org.testng.internal.invokers.MethodRunner.runInSequence(MethodRunner.java:50)
at org.testng.internal.invokers.TestInvoker$MethodInvocationAgent.invoke(TestInvoker.java:957)
at org.testng.internal.invokers.TestInvoker.invokeTestMethods(TestInvoker.java:200)
at org.testng.internal.invokers.TestMethodWorker.invokeTestMethods(TestMethodWorker.java:148)
at org.testng.internal.invokers.TestMethodWorker.run(TestMethodWorker.java:128)
at java.base/java.util.ArrayList.forEach(ArrayList.java:1510)
at org.testng.TestRunner.privateRun(TestRunner.java:848)
at org.testng.TestRunner.run(TestRunner.java:621)
at org.testng.SuiteRunner.runTest(SuiteRunner.java:443)
at org.testng.SuiteRunner.runSequentially(SuiteRunner.java:437)
at org.testng.SuiteRunner.privateRun(SuiteRunner.java:397)
at org.testng.SuiteRunner.run(SuiteRunner.java:336)
at org.testng.SuiteRunnerWorker.runSuite(SuiteRunnerWorker.java:52)
at org.testng.SuiteRunnerWorker.run(SuiteRunnerWorker.java:95)
at org.testng.TestNG.runSuitesSequentially(TestNG.java:1280)
at org.testng.TestNG.runSuitesLocally(TestNG.java:1200)
at org.testng.TestNG.runSuites(TestNG.java:1114)
at org.testng.TestNG.run(TestNG.java:1082)
at org.testng.remote.AbstractRemoteTestNG.run(AbstractRemoteTestNG.java:115)
at org.testng.remote.RemoteTestNG.initAndRun(RemoteTestNG.java:251)
at org.testng.remote.RemoteTestNG.main(RemoteTestNG.java:77)
]]>
    </failure>
  </testcase> <!-- testDeleteUserPassengers -->
  <testcase classname="com.avengers.bus.services.implementation.FetchUserPassengersImplTest" name="testAddeditedPassengers" time="0.006">
    <failure message="
Argument(s) are different! Wanted:
userPassengersDAO.updateUserPassengers(
    UserPassengersId [user_id=0, passenger_name=null, age=0, gender=null]
);
-&gt; at com.avengers.bus.services.implementation.FetchUserPassengersImplTest.testAddeditedPassengers(FetchUserPassengersImplTest.java:65)
Actual invocations have different arguments:
userPassengersDAO.persist(
    UserPassengers [user_id=0, passenger_name=null, age=0, gender=null]
);
-&gt; at com.avengers.bus.services.implementation.FetchUserPassengersImpl.addUserpassengers(FetchUserPassengersImpl.java:82)
userPassengersDAO.updateUserPassengers(
    UserPassengersId [user_id=0, passenger_name=null, age=0, gender=null]
);
-&gt; at com.avengers.bus.services.implementation.FetchUserPassengersImpl.addeditedpassengers(FetchUserPassengersImpl.java:56)
" type="org.mockito.exceptions.verification.ArgumentsAreDifferent">
      <![CDATA[Argument(s) are different! Wanted:
userPassengersDAO.updateUserPassengers(
    UserPassengersId [user_id=0, passenger_name=null, age=0, gender=null]
);
-> at com.avengers.bus.services.implementation.FetchUserPassengersImplTest.testAddeditedPassengers(FetchUserPassengersImplTest.java:65)
Actual invocations have different arguments:
userPassengersDAO.persist(
    UserPassengers [user_id=0, passenger_name=null, age=0, gender=null]
);
-> at com.avengers.bus.services.implementation.FetchUserPassengersImpl.addUserpassengers(FetchUserPassengersImpl.java:82)
userPassengersDAO.updateUserPassengers(
    UserPassengersId [user_id=0, passenger_name=null, age=0, gender=null]
);
-> at com.avengers.bus.services.implementation.FetchUserPassengersImpl.addeditedpassengers(FetchUserPassengersImpl.java:56)

at com.avengers.bus.services.implementation.FetchUserPassengersImplTest.testAddeditedPassengers(FetchUserPassengersImplTest.java:65)
at java.base/jdk.internal.reflect.NativeMethodAccessorImpl.invoke0(Native Method)
at java.base/jdk.internal.reflect.NativeMethodAccessorImpl.invoke(NativeMethodAccessorImpl.java:62)
at java.base/jdk.internal.reflect.DelegatingMethodAccessorImpl.invoke(DelegatingMethodAccessorImpl.java:43)
at java.base/java.lang.reflect.Method.invoke(Method.java:564)
at org.testng.internal.invokers.MethodInvocationHelper.invokeMethod(MethodInvocationHelper.java:139)
at org.testng.internal.invokers.TestInvoker.invokeMethod(TestInvoker.java:664)
at org.testng.internal.invokers.TestInvoker.invokeTestMethod(TestInvoker.java:227)
at org.testng.internal.invokers.MethodRunner.runInSequence(MethodRunner.java:50)
at org.testng.internal.invokers.TestInvoker$MethodInvocationAgent.invoke(TestInvoker.java:957)
at org.testng.internal.invokers.TestInvoker.invokeTestMethods(TestInvoker.java:200)
at org.testng.internal.invokers.TestMethodWorker.invokeTestMethods(TestMethodWorker.java:148)
at org.testng.internal.invokers.TestMethodWorker.run(TestMethodWorker.java:128)
at java.base/java.util.ArrayList.forEach(ArrayList.java:1510)
at org.testng.TestRunner.privateRun(TestRunner.java:848)
at org.testng.TestRunner.run(TestRunner.java:621)
at org.testng.SuiteRunner.runTest(SuiteRunner.java:443)
at org.testng.SuiteRunner.runSequentially(SuiteRunner.java:437)
at org.testng.SuiteRunner.privateRun(SuiteRunner.java:397)
at org.testng.SuiteRunner.run(SuiteRunner.java:336)
at org.testng.SuiteRunnerWorker.runSuite(SuiteRunnerWorker.java:52)
at org.testng.SuiteRunnerWorker.run(SuiteRunnerWorker.java:95)
at org.testng.TestNG.runSuitesSequentially(TestNG.java:1280)
at org.testng.TestNG.runSuitesLocally(TestNG.java:1200)
at org.testng.TestNG.runSuites(TestNG.java:1114)
at org.testng.TestNG.run(TestNG.java:1082)
at org.testng.remote.AbstractRemoteTestNG.run(AbstractRemoteTestNG.java:115)
at org.testng.remote.RemoteTestNG.initAndRun(RemoteTestNG.java:251)
at org.testng.remote.RemoteTestNG.main(RemoteTestNG.java:77)
]]>
    </failure>
  </testcase> <!-- testAddeditedPassengers -->
  <testcase classname="com.avengers.bus.services.implementation.FetchUserPassengersImplTest" name="testGetPassengersList" time="0.004"/>
</testsuite> <!-- com.avengers.bus.services.implementation.FetchUserPassengersImplTest -->
