<?xml version="1.0" encoding="UTF-8"?>
<!-- Generated by org.testng.reporters.JUnitReportReporter -->
<testsuite hostname="PENNANT-VSP112" failures="0" tests="2" name="com.avengers.bus.services.implementation.FetchDetailsImplTest" time="0.659" errors="0" timestamp="2023-07-14T16:07:25 IST" skipped="0">
  <testcase classname="com.avengers.bus.services.implementation.FetchDetailsImplTest" name="testGetRouteDetails" time="0.529"/>
  <testcase classname="com.avengers.bus.services.implementation.FetchDetailsImplTest" name="testGetServiceDetails" time="0.130"/>
</testsuite> <!-- com.avengers.bus.services.implementation.FetchDetailsImplTest -->
