<?xml version="1.0" encoding="UTF-8"?>
<!-- Generated by org.testng.reporters.JUnitReportReporter -->
<testsuite hostname="PENNANT-VSP112" failures="0" tests="1" name="com.avengers.bus.services.implementation.AdminCountsServiceImplTest" time="0.038" errors="0" timestamp="2023-07-14T16:07:25 IST" skipped="0">
  <testcase classname="com.avengers.bus.services.implementation.AdminCountsServiceImplTest" name="getCountsTest" time="0.038"/>
</testsuite> <!-- com.avengers.bus.services.implementation.AdminCountsServiceImplTest -->
