<?xml version="1.0" encoding="UTF-8"?>
<!-- Generated by org.testng.reporters.JUnitReportReporter -->
<testsuite hostname="PENNANT-VSP112" failures="0" tests="1" name="com.avengers.bus.services.implementation.SaveTicketServiceImplTest" time="0.013" errors="1" timestamp="2023-07-14T16:07:25 IST" skipped="0">
  <testcase classname="com.avengers.bus.services.implementation.SaveTicketServiceImplTest" name="testSaveTheTicket" time="0.013">
    <error type="java.lang.NullPointerException">
      <![CDATA[java.lang.NullPointerException
at java.base/java.util.Objects.requireNonNull(Objects.java:222)
at java.base/java.util.ImmutableCollections$AbstractImmutableList.indexOf(ImmutableCollections.java:166)
at com.avengers.bus.services.implementation.SaveTicketServiceImpl$1.compare(SaveTicketServiceImpl.java:66)
at com.avengers.bus.services.implementation.SaveTicketServiceImpl$1.compare(SaveTicketServiceImpl.java:1)
at java.base/java.util.TimSort.countRunAndMakeAscending(TimSort.java:355)
at java.base/java.util.TimSort.sort(TimSort.java:220)
at java.base/java.util.Arrays.sort(Arrays.java:1306)
at java.base/java.util.ArrayList.sort(ArrayList.java:1720)
at java.base/java.util.Collections.sort(Collections.java:179)
at com.avengers.bus.services.implementation.SaveTicketServiceImpl.saveTheTicket(SaveTicketServiceImpl.java:72)
at com.avengers.bus.services.implementation.SaveTicketServiceImplTest.testSaveTheTicket(SaveTicketServiceImplTest.java:48)
at java.base/jdk.internal.reflect.NativeMethodAccessorImpl.invoke0(Native Method)
at java.base/jdk.internal.reflect.NativeMethodAccessorImpl.invoke(NativeMethodAccessorImpl.java:62)
at java.base/jdk.internal.reflect.DelegatingMethodAccessorImpl.invoke(DelegatingMethodAccessorImpl.java:43)
at java.base/java.lang.reflect.Method.invoke(Method.java:564)
at org.testng.internal.invokers.MethodInvocationHelper.invokeMethod(MethodInvocationHelper.java:139)
at org.testng.internal.invokers.TestInvoker.invokeMethod(TestInvoker.java:664)
at org.testng.internal.invokers.TestInvoker.invokeTestMethod(TestInvoker.java:227)
at org.testng.internal.invokers.MethodRunner.runInSequence(MethodRunner.java:50)
at org.testng.internal.invokers.TestInvoker$MethodInvocationAgent.invoke(TestInvoker.java:957)
at org.testng.internal.invokers.TestInvoker.invokeTestMethods(TestInvoker.java:200)
at org.testng.internal.invokers.TestMethodWorker.invokeTestMethods(TestMethodWorker.java:148)
at org.testng.internal.invokers.TestMethodWorker.run(TestMethodWorker.java:128)
at java.base/java.util.ArrayList.forEach(ArrayList.java:1510)
at org.testng.TestRunner.privateRun(TestRunner.java:848)
at org.testng.TestRunner.run(TestRunner.java:621)
at org.testng.SuiteRunner.runTest(SuiteRunner.java:443)
at org.testng.SuiteRunner.runSequentially(SuiteRunner.java:437)
at org.testng.SuiteRunner.privateRun(SuiteRunner.java:397)
at org.testng.SuiteRunner.run(SuiteRunner.java:336)
at org.testng.SuiteRunnerWorker.runSuite(SuiteRunnerWorker.java:52)
at org.testng.SuiteRunnerWorker.run(SuiteRunnerWorker.java:95)
at org.testng.TestNG.runSuitesSequentially(TestNG.java:1280)
at org.testng.TestNG.runSuitesLocally(TestNG.java:1200)
at org.testng.TestNG.runSuites(TestNG.java:1114)
at org.testng.TestNG.run(TestNG.java:1082)
at org.testng.remote.AbstractRemoteTestNG.run(AbstractRemoteTestNG.java:115)
at org.testng.remote.RemoteTestNG.initAndRun(RemoteTestNG.java:251)
at org.testng.remote.RemoteTestNG.main(RemoteTestNG.java:77)
]]>
    </error>
  </testcase> <!-- testSaveTheTicket -->
</testsuite> <!-- com.avengers.bus.services.implementation.SaveTicketServiceImplTest -->
