<?xml version="1.0" encoding="UTF-8"?>
<!-- Generated by org.testng.reporters.JUnitReportReporter -->
<testsuite hostname="PENNANT-VSP112" failures="0" tests="3" name="com.avengers.bus.services.test.CancelTicketServiceImplTest" time="0.041" errors="0" timestamp="2023-07-04T18:30:39 IST" skipped="0">
  <testcase classname="com.avengers.bus.services.test.CancelTicketServiceImplTest" name="cancelTicket_NullBookingId_ReturnsFalse" time="0.036"/>
  <testcase classname="com.avengers.bus.services.test.CancelTicketServiceImplTest" name="cancelTicket_InvalidBookingId_ReturnsFalse" time="0.003"/>
  <testcase classname="com.avengers.bus.services.test.CancelTicketServiceImplTest" name="testCancelTicket" time="0.002"/>
</testsuite> <!-- com.avengers.bus.services.test.CancelTicketServiceImplTest -->
