<?xml version="1.0" encoding="UTF-8"?>
<!-- Generated by org.testng.reporters.JUnitReportReporter -->
<testsuite hostname="PENNANT-VSP112" failures="0" tests="5" name="com.avengers.bus.services.implementation.UserPassengersServiceImplTest" time="0.044" errors="0" timestamp="2023-07-14T16:07:25 IST" skipped="0">
  <testcase classname="com.avengers.bus.services.implementation.UserPassengersServiceImplTest" name="testGetAllUserPassengers_InvalidUserId_ReturnsEmptyList" time="0.026"/>
  <testcase classname="com.avengers.bus.services.implementation.UserPassengersServiceImplTest" name="testGetAllUserPassengers_ValidUserId_ReturnsCorrectNumberOfPassengers" time="0.002"/>
  <testcase classname="com.avengers.bus.services.implementation.UserPassengersServiceImplTest" name="testGetAllUserPassengers_MultipleUsers_ReturnsCorrectPassengersForUserId" time="0.003"/>
  <testcase classname="com.avengers.bus.services.implementation.UserPassengersServiceImplTest" name="testGetAllUserPassengers_ValidUserId_ReturnsListOfUserPassengers" time="0.001"/>
  <testcase classname="com.avengers.bus.services.implementation.UserPassengersServiceImplTest" name="testGetAllUserPassengers_UserIdWithNoPassengers_ReturnsEmptyList" time="0.012"/>
</testsuite> <!-- com.avengers.bus.services.implementation.UserPassengersServiceImplTest -->
