<?xml version="1.0" encoding="UTF-8"?>
<!-- Generated by org.testng.reporters.JUnitReportReporter -->
<testsuite hostname="PENNANT-VSP112" failures="0" tests="2" name="com.avengers.bus.services.test.CheckSeatImplTest" time="0.003" errors="0" timestamp="2023-07-04T18:30:38 IST" skipped="0">
  <testcase classname="com.avengers.bus.services.test.CheckSeatImplTest" name="checkAvailability_SeatsAvailable_ReturnsTrue" time="0.002"/>
  <testcase classname="com.avengers.bus.services.test.CheckSeatImplTest" name="checkAvailability_SeatsNotAvailable_ReturnsFalse" time="0.001"/>
</testsuite> <!-- com.avengers.bus.services.test.CheckSeatImplTest -->
