<?xml version="1.0" encoding="UTF-8"?>
<!-- Generated by org.testng.reporters.JUnitReportReporter -->
<testsuite hostname="PENNANT-VSP112" failures="0" tests="6" name="com.avengers.bus.services.implementation.StationServiceImplTest" time="0.038" errors="0" timestamp="2023-07-14T16:07:25 IST" skipped="0">
  <testcase classname="com.avengers.bus.services.implementation.StationServiceImplTest" name="testListAllWithMultipleStations" time="0.002"/>
  <testcase classname="com.avengers.bus.services.implementation.StationServiceImplTest" name="testListAllWithNoStations" time="0.001"/>
  <testcase classname="com.avengers.bus.services.implementation.StationServiceImplTest" name="testListAllWithEmptyStations" time="0.003"/>
  <testcase classname="com.avengers.bus.services.implementation.StationServiceImplTest" name="testListAll" time="0.016"/>
  <testcase classname="com.avengers.bus.services.implementation.StationServiceImplTest" name="testListAllWithLargeNumberOfStations" time="0.013"/>
  <testcase classname="com.avengers.bus.services.implementation.StationServiceImplTest" name="testListAllWithException" time="0.003"/>
</testsuite> <!-- com.avengers.bus.services.implementation.StationServiceImplTest -->
