<?xml version="1.0" encoding="UTF-8"?>
<!-- Generated by org.testng.reporters.JUnitReportReporter -->
<testsuite hostname="PENNANT-VSP112" failures="0" tests="3" name="com.avengers.bus.services.test.FetchGraphDataImplTest" time="0.003" errors="0" timestamp="2023-07-04T18:30:39 IST" skipped="0">
  <testcase classname="com.avengers.bus.services.test.FetchGraphDataImplTest" name="testGetMonthlyCollection" time="0.001"/>
  <testcase classname="com.avengers.bus.services.test.FetchGraphDataImplTest" name="testGetRouteCollection" time="0.001"/>
  <testcase classname="com.avengers.bus.services.test.FetchGraphDataImplTest" name="testGetTripCollection" time="0.001"/>
</testsuite> <!-- com.avengers.bus.services.test.FetchGraphDataImplTest -->
