<?xml version="1.0" encoding="UTF-8"?>
<!-- Generated by org.testng.reporters.JUnitReportReporter -->
<testsuite hostname="PENNANT-VSP112" failures="0" tests="3" name="com.avengers.bus.services.implementation.FetchGraphDataImplTest" time="0.005" errors="0" timestamp="2023-07-14T16:07:25 IST" skipped="0">
  <testcase classname="com.avengers.bus.services.implementation.FetchGraphDataImplTest" name="testGetMonthlyCollection" time="0.002"/>
  <testcase classname="com.avengers.bus.services.implementation.FetchGraphDataImplTest" name="testGetRouteCollection" time="0.002"/>
  <testcase classname="com.avengers.bus.services.implementation.FetchGraphDataImplTest" name="testGetTripCollection" time="0.001"/>
</testsuite> <!-- com.avengers.bus.services.implementation.FetchGraphDataImplTest -->
