<?xml version="1.0" encoding="UTF-8"?>
<!-- Generated by org.testng.reporters.JUnitReportReporter -->
<testsuite hostname="WL01" failures="0" tests="11" name="com.avengers.bus.services.test.AdminCountsServiceImplTest" time="0.582" errors="0" timestamp="2023-07-02T21:18:28 GST" skipped="0">
  <testcase classname="com.avengers.bus.services.test.AdminCountsServiceImplTest" name="testGetUser_UserDoesNotExist_ReturnsNull" time="0.010"/>
  <system-out/>
  <testcase classname="com.avengers.bus.services.test.AdminCountsServiceImplTest" name="testVerifylogin_InvalidCredentials_ReturnsFalse" time="0.004"/>
  <system-out/>
  <testcase classname="com.avengers.bus.services.test.AdminCountsServiceImplTest" name="testVerifylogin_ValidCredentials_ReturnsTrue" time="0.003"/>
  <system-out/>
  <testcase classname="com.avengers.bus.services.test.AdminCountsServiceImplTest" name="testGetUser_UserExists_ReturnsUser" time="0.003"/>
  <system-out/>
  <testcase classname="com.avengers.bus.services.test.AdminCountsServiceImplTest" name="testAddUser_UserAddedSuccessfully" time="0.024"/>
  <system-out/>
  <testcase classname="com.avengers.bus.services.test.AdminCountsServiceImplTest" name="testListAll_NoUsers_ReturnsEmptyList" time="0.004"/>
  <system-out/>
  <testcase classname="com.avengers.bus.services.test.AdminCountsServiceImplTest" name="testChangePassword_PasswordChangedSuccessfully" time="0.003"/>
  <system-out/>
  <testcase classname="com.avengers.bus.services.test.AdminCountsServiceImplTest" name="testListAll_ReturnsListOfUsers" time="0.004"/>
  <system-out/>
  <testcase classname="com.avengers.bus.services.test.AdminCountsServiceImplTest" name="testGetUser_UserNotFound_ReturnsNull" time="0.004"/>
  <system-out/>
  <testcase classname="com.avengers.bus.services.test.AdminCountsServiceImplTest" name="testVerifylogin_NullPassword_ReturnsFalse" time="0.005"/>
  <system-out/>
  <testcase classname="com.avengers.bus.services.test.AdminCountsServiceImplTest" name="testVerifylogin_NullEmail_ReturnsFalse" time="0.518"/>
  <system-out/>
</testsuite> <!-- com.avengers.bus.services.test.AdminCountsServiceImplTest -->
