<?xml version="1.0" encoding="UTF-8"?>
<!-- Generated by org.testng.reporters.JUnitReportReporter -->
<testsuite hostname="WL01" failures="0" tests="3" name="com.avengers.bus.services.test.UserPassengersServiceImplTest" time="0.542" errors="1" timestamp="2023-07-02T21:24:57 GST" skipped="0">
  <testcase classname="com.avengers.bus.services.test.UserPassengersServiceImplTest" name="testGetAllUserPassengers_UserPassengersDAOReturnsNull_ReturnsEmptyList" time="0.004">
    <error message="Cannot invoke &quot;java.util.List.size()&quot; because &quot;userPassengersList&quot; is null" type="java.lang.NullPointerException">
      <![CDATA[java.lang.NullPointerException: Cannot invoke "java.util.List.size()" because "userPassengersList" is null
at com.avengers.bus.services.implementation.UserPassengersServiceImpl.getAllUserPassengers(UserPassengersServiceImpl.java:30)
at com.avengers.bus.services.test.UserPassengersServiceImplTest.testGetAllUserPassengers_UserPassengersDAOReturnsNull_ReturnsEmptyList(UserPassengersServiceImplTest.java:72)
at java.base/jdk.internal.reflect.DirectMethodHandleAccessor.invoke(DirectMethodHandleAccessor.java:104)
at java.base/java.lang.reflect.Method.invoke(Method.java:578)
at org.testng.internal.invokers.MethodInvocationHelper.invokeMethod(MethodInvocationHelper.java:135)
at org.testng.internal.invokers.TestInvoker.invokeMethod(TestInvoker.java:673)
at org.testng.internal.invokers.TestInvoker.invokeTestMethod(TestInvoker.java:220)
at org.testng.internal.invokers.MethodRunner.runInSequence(MethodRunner.java:50)
at org.testng.internal.invokers.TestInvoker$MethodInvocationAgent.invoke(TestInvoker.java:945)
at org.testng.internal.invokers.TestInvoker.invokeTestMethods(TestInvoker.java:193)
at org.testng.internal.invokers.TestMethodWorker.invokeTestMethods(TestMethodWorker.java:146)
at org.testng.internal.invokers.TestMethodWorker.run(TestMethodWorker.java:128)
at java.base/java.util.ArrayList.forEach(ArrayList.java:1511)
at org.testng.TestRunner.privateRun(TestRunner.java:808)
at org.testng.TestRunner.run(TestRunner.java:603)
at org.testng.SuiteRunner.runTest(SuiteRunner.java:429)
at org.testng.SuiteRunner.runSequentially(SuiteRunner.java:423)
at org.testng.SuiteRunner.privateRun(SuiteRunner.java:383)
at org.testng.SuiteRunner.run(SuiteRunner.java:326)
at org.testng.SuiteRunnerWorker.runSuite(SuiteRunnerWorker.java:52)
at org.testng.SuiteRunnerWorker.run(SuiteRunnerWorker.java:95)
at org.testng.TestNG.runSuitesSequentially(TestNG.java:1249)
at org.testng.TestNG.runSuitesLocally(TestNG.java:1169)
at org.testng.TestNG.runSuites(TestNG.java:1092)
at org.testng.TestNG.run(TestNG.java:1060)
at org.testng.remote.AbstractRemoteTestNG.run(AbstractRemoteTestNG.java:115)
at org.testng.remote.RemoteTestNG.initAndRun(RemoteTestNG.java:251)
at org.testng.remote.RemoteTestNG.main(RemoteTestNG.java:77)
]]>
    </error>
  </testcase> <!-- testGetAllUserPassengers_UserPassengersDAOReturnsNull_ReturnsEmptyList -->
  <system-out/>
  <testcase classname="com.avengers.bus.services.test.UserPassengersServiceImplTest" name="testGetAllUserPassengers_ValidUserId_ReturnsListOfUserPassengers" time="0.007"/>
  <system-out/>
  <testcase classname="com.avengers.bus.services.test.UserPassengersServiceImplTest" name="testGetAllUserPassengers_InvalidUserId_ReturnsEmptyList" time="0.531"/>
  <system-out/>
</testsuite> <!-- com.avengers.bus.services.test.UserPassengersServiceImplTest -->
