<?xml version="1.0" encoding="UTF-8"?>
<!-- Generated by org.testng.reporters.JUnitReportReporter -->
<testsuite hostname="PENNANT229" failures="0" tests="3" name="com.avengers.bus.services.test.FetchGraphDataImplTest" time="0.190" errors="0" timestamp="2023-07-05T15:29:01 IST" skipped="0">
  <testcase classname="com.avengers.bus.services.test.FetchGraphDataImplTest" name="testGetMonthlyCollection" time="0.186"/>
  <testcase classname="com.avengers.bus.services.test.FetchGraphDataImplTest" name="testGetRouteCollection" time="0.002"/>
  <testcase classname="com.avengers.bus.services.test.FetchGraphDataImplTest" name="testGetTripCollection" time="0.002"/>
</testsuite> <!-- com.avengers.bus.services.test.FetchGraphDataImplTest -->
