<?xml version="1.0" encoding="UTF-8"?>
<!-- Generated by org.testng.reporters.JUnitReportReporter -->
<testsuite hostname="PENNANT229" failures="0" tests="1" name="com.avengers.bus.services.implementation.BusTypeServiceImplTest" time="0.002" errors="0" timestamp="2023-07-05T15:33:42 IST" skipped="0">
  <testcase classname="com.avengers.bus.services.implementation.BusTypeServiceImplTest" name="testListAll" time="0.002"/>
</testsuite> <!-- com.avengers.bus.services.implementation.BusTypeServiceImplTest -->
