<?xml version="1.0" encoding="UTF-8"?>
<!-- Generated by org.testng.reporters.JUnitReportReporter -->
<testsuite hostname="PENNANT229" failures="0" tests="1" name="com.avengers.bus.services.test.AdminCountsServiceImplTest" time="0.941" errors="0" timestamp="2023-07-05T12:26:05 IST" skipped="0">
  <testcase classname="com.avengers.bus.services.test.AdminCountsServiceImplTest" name="getCountsTest" time="0.941"/>
</testsuite> <!-- com.avengers.bus.services.test.AdminCountsServiceImplTest -->
