<?xml version="1.0" encoding="UTF-8"?>
<!-- Generated by org.testng.reporters.JUnitReportReporter -->
<testsuite hostname="PENNANT229" failures="0" tests="2" name="com.avengers.bus.services.implementation.FetchDetailsImplTest" time="0.292" errors="0" timestamp="2023-07-05T15:33:42 IST" skipped="0">
  <testcase classname="com.avengers.bus.services.implementation.FetchDetailsImplTest" name="testGetServiceDetails" time="0.002"/>
  <testcase classname="com.avengers.bus.services.implementation.FetchDetailsImplTest" name="testGetRouteDetails" time="0.290"/>
</testsuite> <!-- com.avengers.bus.services.implementation.FetchDetailsImplTest -->
