<?xml version="1.0" encoding="UTF-8"?>
<!-- Generated by org.testng.reporters.JUnitReportReporter -->
<testsuite hostname="PENNANT-VSP112" failures="0" tests="4" name="com.avengers.bus.services.test.BusTypeServiceImplTest" time="0.278" errors="0" timestamp="2023-07-03T12:48:40 IST" skipped="0">
  <testcase classname="com.avengers.bus.services.test.BusTypeServiceImplTest" name="testListAll_NoBusTypes" time="0.003"/>
  <testcase classname="com.avengers.bus.services.test.BusTypeServiceImplTest" name="testListAll_NullBusTypes" time="0.256"/>
  <testcase classname="com.avengers.bus.services.test.BusTypeServiceImplTest" name="testListAll_ReturnsMultipleBusTypes" time="0.002"/>
  <testcase classname="com.avengers.bus.services.test.BusTypeServiceImplTest" name="testListAll" time="0.017"/>
</testsuite> <!-- com.avengers.bus.services.test.BusTypeServiceImplTest -->
