<?xml version="1.0" encoding="UTF-8"?>
<!-- Generated by org.testng.reporters.JUnitReportReporter -->
<testsuite hostname="PENNANT229" failures="0" tests="3" name="com.avengers.bus.services.implementation.FetchGraphDataImplTest" time="0.014" errors="0" timestamp="2023-07-05T15:33:42 IST" skipped="0">
  <testcase classname="com.avengers.bus.services.implementation.FetchGraphDataImplTest" name="testGetTripCollection" time="0.003"/>
  <testcase classname="com.avengers.bus.services.implementation.FetchGraphDataImplTest" name="testGetRouteCollection" time="0.002"/>
  <testcase classname="com.avengers.bus.services.implementation.FetchGraphDataImplTest" name="testGetMonthlyCollection" time="0.009"/>
</testsuite> <!-- com.avengers.bus.services.implementation.FetchGraphDataImplTest -->
