<?xml version="1.0" encoding="UTF-8"?>
<!-- Generated by org.testng.reporters.JUnitReportReporter -->
<testsuite hostname="PENNANT229" failures="0" tests="2" name="com.avengers.bus.services.test.FetchDetailsImplTest" time="0.388" errors="0" timestamp="2023-07-05T14:58:55 IST" skipped="0">
  <testcase classname="com.avengers.bus.services.test.FetchDetailsImplTest" name="testGetRouteDetails" time="0.356"/>
  <testcase classname="com.avengers.bus.services.test.FetchDetailsImplTest" name="testGetServiceDetails" time="0.032"/>
</testsuite> <!-- com.avengers.bus.services.test.FetchDetailsImplTest -->
