<?xml version="1.0" encoding="UTF-8"?>
<!-- Generated by org.testng.reporters.JUnitReportReporter -->
<testsuite hostname="PENNANT229" failures="1" tests="6" name="com.avengers.bus.services.implementation.FetchListImplTest" time="0.141" errors="0" timestamp="2023-07-06T14:57:10 IST" skipped="0">
  <testcase classname="com.avengers.bus.services.implementation.FetchListImplTest" name="testGetTicketPassengerList" time="0.003"/>
  <testcase classname="com.avengers.bus.services.implementation.FetchListImplTest" name="testGetTicketList" time="0.121">
    <failure message="Lists differ at element [0]: Ticket [booking_id=1, payment_id=123, user_id=9, booking_date=2023-07-06, booking_time=09:30:00, trip_id=10, service_id=0, payment_mode=online, total_fare=1000.0, status=confirmed, no_of_seats_booked=2, source=VSK, destination=, order_id=abc1234, travel_date=2023-07-06, departure=12:30:00, passengerList=null] != Ticket [booking_id=1, payment_id=123, user_id=9, booking_date=2023-07-06, booking_time=09:30:00, trip_id=10, service_id=0, payment_mode=online, total_fare=1000.0, status=confirmed, no_of_seats_booked=2, source=VSK, destination=, order_id=abc1234, travel_date=2023-07-06, departure=12:30:00, passengerList=null] expected [Ticket [booking_id=1, payment_id=123, user_id=9, booking_date=2023-07-06, booking_time=09:30:00, trip_id=10, service_id=0, payment_mode=online, total_fare=1000.0, status=confirmed, no_of_seats_booked=2, source=VSK, destination=, order_id=abc1234, travel_date=2023-07-06, departure=12:30:00, passengerList=null]] but found [Ticket [booking_id=1, payment_id=123, user_id=9, booking_date=2023-07-06, booking_time=09:30:00, trip_id=10, service_id=0, payment_mode=online, total_fare=1000.0, status=confirmed, no_of_seats_booked=2, source=VSK, destination=, order_id=abc1234, travel_date=2023-07-06, departure=12:30:00, passengerList=null]]" type="java.lang.AssertionError">
      <![CDATA[java.lang.AssertionError: Lists differ at element [0]: Ticket [booking_id=1, payment_id=123, user_id=9, booking_date=2023-07-06, booking_time=09:30:00, trip_id=10, service_id=0, payment_mode=online, total_fare=1000.0, status=confirmed, no_of_seats_booked=2, source=VSK, destination=, order_id=abc1234, travel_date=2023-07-06, departure=12:30:00, passengerList=null] != Ticket [booking_id=1, payment_id=123, user_id=9, booking_date=2023-07-06, booking_time=09:30:00, trip_id=10, service_id=0, payment_mode=online, total_fare=1000.0, status=confirmed, no_of_seats_booked=2, source=VSK, destination=, order_id=abc1234, travel_date=2023-07-06, departure=12:30:00, passengerList=null] expected [Ticket [booking_id=1, payment_id=123, user_id=9, booking_date=2023-07-06, booking_time=09:30:00, trip_id=10, service_id=0, payment_mode=online, total_fare=1000.0, status=confirmed, no_of_seats_booked=2, source=VSK, destination=, order_id=abc1234, travel_date=2023-07-06, departure=12:30:00, passengerList=null]] but found [Ticket [booking_id=1, payment_id=123, user_id=9, booking_date=2023-07-06, booking_time=09:30:00, trip_id=10, service_id=0, payment_mode=online, total_fare=1000.0, status=confirmed, no_of_seats_booked=2, source=VSK, destination=, order_id=abc1234, travel_date=2023-07-06, departure=12:30:00, passengerList=null]]
at org.testng.Assert.fail(Assert.java:111)
at org.testng.Assert.failNotEquals(Assert.java:1578)
at org.testng.Assert.assertEqualsImpl(Assert.java:150)
at org.testng.Assert.assertEquals(Assert.java:1644)
at org.testng.Assert.assertEquals(Assert.java:1606)
at com.avengers.bus.services.implementation.FetchListImplTest.testGetTicketList(FetchListImplTest.java:168)
at java.base/jdk.internal.reflect.NativeMethodAccessorImpl.invoke0(Native Method)
at java.base/jdk.internal.reflect.NativeMethodAccessorImpl.invoke(NativeMethodAccessorImpl.java:62)
at java.base/jdk.internal.reflect.DelegatingMethodAccessorImpl.invoke(DelegatingMethodAccessorImpl.java:43)
at java.base/java.lang.reflect.Method.invoke(Method.java:564)
at org.testng.internal.invokers.MethodInvocationHelper.invokeMethod(MethodInvocationHelper.java:139)
at org.testng.internal.invokers.TestInvoker.invokeMethod(TestInvoker.java:664)
at org.testng.internal.invokers.TestInvoker.invokeTestMethod(TestInvoker.java:227)
at org.testng.internal.invokers.MethodRunner.runInSequence(MethodRunner.java:50)
at org.testng.internal.invokers.TestInvoker$MethodInvocationAgent.invoke(TestInvoker.java:957)
at org.testng.internal.invokers.TestInvoker.invokeTestMethods(TestInvoker.java:200)
at org.testng.internal.invokers.TestMethodWorker.invokeTestMethods(TestMethodWorker.java:148)
at org.testng.internal.invokers.TestMethodWorker.run(TestMethodWorker.java:128)
at java.base/java.util.ArrayList.forEach(ArrayList.java:1510)
at org.testng.TestRunner.privateRun(TestRunner.java:848)
at org.testng.TestRunner.run(TestRunner.java:621)
at org.testng.SuiteRunner.runTest(SuiteRunner.java:443)
at org.testng.SuiteRunner.runSequentially(SuiteRunner.java:437)
at org.testng.SuiteRunner.privateRun(SuiteRunner.java:397)
at org.testng.SuiteRunner.run(SuiteRunner.java:336)
at org.testng.SuiteRunnerWorker.runSuite(SuiteRunnerWorker.java:52)
at org.testng.SuiteRunnerWorker.run(SuiteRunnerWorker.java:95)
at org.testng.TestNG.runSuitesSequentially(TestNG.java:1280)
at org.testng.TestNG.runSuitesLocally(TestNG.java:1200)
at org.testng.TestNG.runSuites(TestNG.java:1114)
at org.testng.TestNG.run(TestNG.java:1082)
at org.testng.remote.AbstractRemoteTestNG.run(AbstractRemoteTestNG.java:115)
at org.testng.remote.RemoteTestNG.initAndRun(RemoteTestNG.java:251)
at org.testng.remote.RemoteTestNG.main(RemoteTestNG.java:77)
]]>
    </failure>
  </testcase> <!-- testGetTicketList -->
  <testcase classname="com.avengers.bus.services.implementation.FetchListImplTest" name="testGetRouteList" time="0.004"/>
  <testcase classname="com.avengers.bus.services.implementation.FetchListImplTest" name="testGetServiceListFirstPage" time="0.004"/>
  <testcase classname="com.avengers.bus.services.implementation.FetchListImplTest" name="testGetServiceList" time="0.002"/>
  <testcase classname="com.avengers.bus.services.implementation.FetchListImplTest" name="testGetBusList" time="0.007"/>
</testsuite> <!-- com.avengers.bus.services.implementation.FetchListImplTest -->
