<?xml version="1.0" encoding="UTF-8"?>
<!-- Generated by org.testng.reporters.JUnitReportReporter -->
<testsuite hostname="PENNANT229" failures="0" tests="2" name="com.avengers.bus.services.test.BusListServiceImplTest" time="0.874" errors="0" timestamp="2023-07-05T12:23:23 IST" skipped="0">
  <testcase classname="com.avengers.bus.services.test.BusListServiceImplTest" name="testGetBusListWithTravelClass" time="0.869"/>
  <testcase classname="com.avengers.bus.services.test.BusListServiceImplTest" name="testGetBusListWithoutTravelClass" time="0.005"/>
</testsuite> <!-- com.avengers.bus.services.test.BusListServiceImplTest -->
