<?xml version="1.0" encoding="UTF-8"?>
<!-- Generated by org.testng.reporters.JUnitReportReporter -->
<testsuite hostname="PENNANT-VSP112" failures="0" tests="2" name="com.avengers.bus.services.test.FetchDetailsImplTest" time="0.187" errors="0" timestamp="2023-07-03T12:49:27 IST" skipped="0">
  <testcase classname="com.avengers.bus.services.test.FetchDetailsImplTest" name="testGetServiceDetails" time="0.026"/>
  <testcase classname="com.avengers.bus.services.test.FetchDetailsImplTest" name="testGetRouteDetails" time="0.161"/>
</testsuite> <!-- com.avengers.bus.services.test.FetchDetailsImplTest -->
