<?xml version="1.0" encoding="UTF-8"?>
<!-- Generated by org.testng.reporters.JUnitReportReporter -->
<testsuite hostname="PENNANT229" failures="0" tests="2" name="com.avengers.bus.services.implementation.BusListServiceImplTest" time="0.016" errors="0" timestamp="2023-07-05T15:33:42 IST" skipped="0">
  <testcase classname="com.avengers.bus.services.implementation.BusListServiceImplTest" name="testGetBusListWithTravelClass" time="0.003"/>
  <testcase classname="com.avengers.bus.services.implementation.BusListServiceImplTest" name="testGetBusListWithoutTravelClass" time="0.013"/>
</testsuite> <!-- com.avengers.bus.services.implementation.BusListServiceImplTest -->
