<?xml version="1.0" encoding="UTF-8"?>
<!-- Generated by org.testng.reporters.JUnitReportReporter -->
<testsuite hostname="PENNANT229" failures="0" tests="3" name="com.avengers.bus.services.test.CancelTicketServiceImplTest" time="0.667" errors="0" timestamp="2023-07-05T12:28:02 IST" skipped="0">
  <testcase classname="com.avengers.bus.services.test.CancelTicketServiceImplTest" name="cancelTicket_InvalidBookingId_ReturnsFalse" time="0.659"/>
  <testcase classname="com.avengers.bus.services.test.CancelTicketServiceImplTest" name="cancelTicket_NullBookingId_ReturnsFalse" time="0.004"/>
  <testcase classname="com.avengers.bus.services.test.CancelTicketServiceImplTest" name="testCancelTicket" time="0.004"/>
</testsuite> <!-- com.avengers.bus.services.test.CancelTicketServiceImplTest -->
