<?xml version="1.0" encoding="UTF-8"?>
<!-- Generated by org.testng.reporters.JUnitReportReporter -->
<testsuite hostname="PENNANT229" failures="0" tests="6" name="com.avengers.bus.services.implementation.FetchUserCountsImplTest" time="0.032" errors="0" timestamp="2023-07-05T15:33:42 IST" skipped="0">
  <testcase classname="com.avengers.bus.services.implementation.FetchUserCountsImplTest" name="testGetUserFutureTravelCount" time="0.003"/>
  <testcase classname="com.avengers.bus.services.implementation.FetchUserCountsImplTest" name="testGetUserBookedCount" time="0.003"/>
  <testcase classname="com.avengers.bus.services.implementation.FetchUserCountsImplTest" name="testGetUsername" time="0.003"/>
  <testcase classname="com.avengers.bus.services.implementation.FetchUserCountsImplTest" name="testGetUserWallet" time="0.003"/>
  <testcase classname="com.avengers.bus.services.implementation.FetchUserCountsImplTest" name="testGetUserTravelCount" time="0.003"/>
  <testcase classname="com.avengers.bus.services.implementation.FetchUserCountsImplTest" name="testGetUserCounts" time="0.017"/>
</testsuite> <!-- com.avengers.bus.services.implementation.FetchUserCountsImplTest -->
