<?xml version="1.0" encoding="UTF-8"?>
<!-- Generated by org.testng.reporters.JUnitReportReporter -->
<testsuite hostname="PENNANT229" failures="0" tests="4" name="com.avengers.bus.services.test.BusTypeServiceImplTest" time="0.776" errors="0" timestamp="2023-07-05T12:25:03 IST" skipped="0">
  <testcase classname="com.avengers.bus.services.test.BusTypeServiceImplTest" name="testListAll" time="0.045"/>
  <testcase classname="com.avengers.bus.services.test.BusTypeServiceImplTest" name="testListAll_NoBusTypes" time="0.004"/>
  <testcase classname="com.avengers.bus.services.test.BusTypeServiceImplTest" name="testListAll_NullBusTypes" time="0.004"/>
  <testcase classname="com.avengers.bus.services.test.BusTypeServiceImplTest" name="testListAll_ReturnsMultipleBusTypes" time="0.723"/>
</testsuite> <!-- com.avengers.bus.services.test.BusTypeServiceImplTest -->
