<?xml version="1.0" encoding="UTF-8"?>
<!-- Generated by org.testng.reporters.JUnitReportReporter -->
<testsuite hostname="PENNANT-VSP112" failures="0" tests="4" name="com.avengers.bus.services.test.BusTypeServiceImplTest" time="0.012" errors="0" timestamp="2023-07-04T18:30:38 IST" skipped="0">
  <testcase classname="com.avengers.bus.services.test.BusTypeServiceImplTest" name="testListAll_NullBusTypes" time="0.002"/>
  <testcase classname="com.avengers.bus.services.test.BusTypeServiceImplTest" name="testListAll_ReturnsMultipleBusTypes" time="0.002"/>
  <testcase classname="com.avengers.bus.services.test.BusTypeServiceImplTest" name="testListAll" time="0.003"/>
  <testcase classname="com.avengers.bus.services.test.BusTypeServiceImplTest" name="testListAll_NoBusTypes" time="0.005"/>
</testsuite> <!-- com.avengers.bus.services.test.BusTypeServiceImplTest -->
