<?xml version="1.0" encoding="UTF-8"?>
<!-- Generated by org.testng.reporters.JUnitReportReporter -->
<testsuite hostname="PENNANT-VSP112" failures="0" tests="2" name="com.avengers.bus.services.implementation.BusListServiceImplTest" time="0.468" errors="0" timestamp="2023-07-04T17:37:28 IST" skipped="0">
  <testcase classname="com.avengers.bus.services.implementation.BusListServiceImplTest" name="testGetBusListWithoutTravelClass" time="0.447"/>
  <testcase classname="com.avengers.bus.services.implementation.BusListServiceImplTest" name="testGetBusListWithTravelClass" time="0.021"/>
</testsuite> <!-- com.avengers.bus.services.implementation.BusListServiceImplTest -->
