<?xml version="1.0" encoding="UTF-8"?>
<!-- Generated by org.testng.reporters.JUnitReportReporter -->
<testsuite hostname="PENNANT-VSP112" failures="0" tests="1" name="com.avengers.bus.services.implementation.BusTypeServiceImplTest" time="0.001" errors="0" timestamp="2023-07-04T17:37:28 IST" skipped="0">
  <testcase classname="com.avengers.bus.services.implementation.BusTypeServiceImplTest" name="testListAll" time="0.001"/>
</testsuite> <!-- com.avengers.bus.services.implementation.BusTypeServiceImplTest -->
