<?xml version="1.0" encoding="UTF-8"?>
<!-- Generated by org.testng.reporters.JUnitReportReporter -->
<testsuite hostname="PENNANT-VSP112" failures="0" tests="2" name="com.avengers.bus.services.test.FetchDetailsImplTest" time="0.003" errors="0" timestamp="2023-07-04T18:30:38 IST" skipped="0">
  <testcase classname="com.avengers.bus.services.test.FetchDetailsImplTest" name="testGetRouteDetails" time="0.001"/>
  <testcase classname="com.avengers.bus.services.test.FetchDetailsImplTest" name="testGetServiceDetails" time="0.002"/>
</testsuite> <!-- com.avengers.bus.services.test.FetchDetailsImplTest -->
