<?xml version="1.0" encoding="UTF-8"?>
<!-- Generated by org.testng.reporters.JUnitReportReporter -->
<testsuite hostname="PENNANT-VSP112" failures="0" tests="6" name="com.avengers.bus.services.test.StationServiceImplTest" time="0.024" errors="0" timestamp="2023-07-04T18:30:38 IST" skipped="0">
  <testcase classname="com.avengers.bus.services.test.StationServiceImplTest" name="testListAllWithMultipleStations" time="0.001"/>
  <testcase classname="com.avengers.bus.services.test.StationServiceImplTest" name="testListAllWithNoStations" time="0.000"/>
  <testcase classname="com.avengers.bus.services.test.StationServiceImplTest" name="testListAll" time="0.003"/>
  <testcase classname="com.avengers.bus.services.test.StationServiceImplTest" name="testListAllWithException" time="0.003"/>
  <testcase classname="com.avengers.bus.services.test.StationServiceImplTest" name="testListAllWithLargeNumberOfStations" time="0.016"/>
  <testcase classname="com.avengers.bus.services.test.StationServiceImplTest" name="testListAllWithEmptyStations" time="0.001"/>
</testsuite> <!-- com.avengers.bus.services.test.StationServiceImplTest -->
