<?xml version="1.0" encoding="UTF-8"?>
<!-- Generated by org.testng.reporters.JUnitReportReporter -->
<testsuite hostname="PENNANT-VSP112" failures="0" tests="3" name="com.avengers.bus.services.test.CancelTicketServiceImplTest" time="0.316" errors="0" timestamp="2023-07-03T12:48:53 IST" skipped="0">
  <testcase classname="com.avengers.bus.services.test.CancelTicketServiceImplTest" name="cancelTicket_NullBookingId_ReturnsFalse" time="0.299"/>
  <testcase classname="com.avengers.bus.services.test.CancelTicketServiceImplTest" name="testCancelTicket" time="0.001"/>
  <testcase classname="com.avengers.bus.services.test.CancelTicketServiceImplTest" name="cancelTicket_InvalidBookingId_ReturnsFalse" time="0.016"/>
</testsuite> <!-- com.avengers.bus.services.test.CancelTicketServiceImplTest -->
