<?xml version="1.0" encoding="UTF-8"?>
<!-- Generated by org.testng.reporters.JUnitReportReporter -->
<testsuite hostname="PENNANT-VSP112" failures="0" tests="8" name="com.avengers.bus.services.test.FetchCountImplTest" time="0.021" errors="0" timestamp="2023-07-03T12:49:16 IST" skipped="0">
  <testcase classname="com.avengers.bus.services.test.FetchCountImplTest" name="testGetPastTicketCollection" time="0.002"/>
  <testcase classname="com.avengers.bus.services.test.FetchCountImplTest" name="testGetTripCount" time="0.002"/>
  <testcase classname="com.avengers.bus.services.test.FetchCountImplTest" name="testGetUserCount" time="0.001"/>
  <testcase classname="com.avengers.bus.services.test.FetchCountImplTest" name="testGetRouteCount" time="0.001"/>
  <testcase classname="com.avengers.bus.services.test.FetchCountImplTest" name="testGetServiceCount" time="0.001"/>
  <testcase classname="com.avengers.bus.services.test.FetchCountImplTest" name="testGetCollection" time="0.001"/>
  <testcase classname="com.avengers.bus.services.test.FetchCountImplTest" name="testGetFutureTicketCollection" time="0.001"/>
  <testcase classname="com.avengers.bus.services.test.FetchCountImplTest" name="testGetBusCount" time="0.012"/>
</testsuite> <!-- com.avengers.bus.services.test.FetchCountImplTest -->
