<?xml version="1.0" encoding="UTF-8"?>
<!-- Generated by org.testng.reporters.JUnitReportReporter -->
<testsuite hostname="PENNANT-VSP112" failures="1" tests="4" name="com.avengers.bus.services.test.BusListServiceImplTest" time="0.272" errors="0" timestamp="2023-07-03T12:47:18 IST" skipped="0">
  <testcase classname="com.avengers.bus.services.test.BusListServiceImplTest" name="testGetBusList_WithoutTravelClass" time="0.001"/>
  <testcase classname="com.avengers.bus.services.test.BusListServiceImplTest" name="testGetBusList_EmptyResult" time="0.261"/>
  <testcase classname="com.avengers.bus.services.test.BusListServiceImplTest" name="testGetBusList_WithNullInput" time="0.003"/>
  <testcase classname="com.avengers.bus.services.test.BusListServiceImplTest" name="testGetBusList_WithTravelClass" time="0.007">
    <failure message="
Wanted but not invoked:
busListDAOMock.getBusList(
    SearchBusInput [fssId=VSKP, tssId=HYD, travelClass=0, date=null]
);
-&gt; at com.avengers.bus.services.test.BusListServiceImplTest.testGetBusList_WithTravelClass(BusListServiceImplTest.java:52)

However, there was exactly 1 interaction with this mock:
busListDAOMock.getBusListAll(
    SearchBusInput [fssId=VSKP, tssId=HYD, travelClass=0, date=null]
);
-&gt; at com.avengers.bus.services.implementation.BusListServiceImpl.getBusList(BusListServiceImpl.java:36)

" type="org.mockito.exceptions.verification.WantedButNotInvoked">
      <![CDATA[Wanted but not invoked:
busListDAOMock.getBusList(
    SearchBusInput [fssId=VSKP, tssId=HYD, travelClass=0, date=null]
);
-> at com.avengers.bus.services.test.BusListServiceImplTest.testGetBusList_WithTravelClass(BusListServiceImplTest.java:52)

However, there was exactly 1 interaction with this mock:
busListDAOMock.getBusListAll(
    SearchBusInput [fssId=VSKP, tssId=HYD, travelClass=0, date=null]
);
-> at com.avengers.bus.services.implementation.BusListServiceImpl.getBusList(BusListServiceImpl.java:36)


at com.avengers.bus.services.test.BusListServiceImplTest.testGetBusList_WithTravelClass(BusListServiceImplTest.java:52)
at java.base/jdk.internal.reflect.NativeMethodAccessorImpl.invoke0(Native Method)
at java.base/jdk.internal.reflect.NativeMethodAccessorImpl.invoke(NativeMethodAccessorImpl.java:62)
at java.base/jdk.internal.reflect.DelegatingMethodAccessorImpl.invoke(DelegatingMethodAccessorImpl.java:43)
at java.base/java.lang.reflect.Method.invoke(Method.java:564)
at org.testng.internal.invokers.MethodInvocationHelper.invokeMethod(MethodInvocationHelper.java:139)
at org.testng.internal.invokers.TestInvoker.invokeMethod(TestInvoker.java:664)
at org.testng.internal.invokers.TestInvoker.invokeTestMethod(TestInvoker.java:227)
at org.testng.internal.invokers.MethodRunner.runInSequence(MethodRunner.java:50)
at org.testng.internal.invokers.TestInvoker$MethodInvocationAgent.invoke(TestInvoker.java:957)
at org.testng.internal.invokers.TestInvoker.invokeTestMethods(TestInvoker.java:200)
at org.testng.internal.invokers.TestMethodWorker.invokeTestMethods(TestMethodWorker.java:148)
at org.testng.internal.invokers.TestMethodWorker.run(TestMethodWorker.java:128)
at java.base/java.util.ArrayList.forEach(ArrayList.java:1510)
at org.testng.TestRunner.privateRun(TestRunner.java:848)
at org.testng.TestRunner.run(TestRunner.java:621)
at org.testng.SuiteRunner.runTest(SuiteRunner.java:443)
at org.testng.SuiteRunner.runSequentially(SuiteRunner.java:437)
at org.testng.SuiteRunner.privateRun(SuiteRunner.java:397)
at org.testng.SuiteRunner.run(SuiteRunner.java:336)
at org.testng.SuiteRunnerWorker.runSuite(SuiteRunnerWorker.java:52)
at org.testng.SuiteRunnerWorker.run(SuiteRunnerWorker.java:95)
at org.testng.TestNG.runSuitesSequentially(TestNG.java:1280)
at org.testng.TestNG.runSuitesLocally(TestNG.java:1200)
at org.testng.TestNG.runSuites(TestNG.java:1114)
at org.testng.TestNG.run(TestNG.java:1082)
at org.testng.remote.AbstractRemoteTestNG.run(AbstractRemoteTestNG.java:115)
at org.testng.remote.RemoteTestNG.initAndRun(RemoteTestNG.java:251)
at org.testng.remote.RemoteTestNG.main(RemoteTestNG.java:77)
]]>
    </failure>
  </testcase> <!-- testGetBusList_WithTravelClass -->
</testsuite> <!-- com.avengers.bus.services.test.BusListServiceImplTest -->
