<?xml version="1.0" encoding="UTF-8"?>
<!-- Generated by org.testng.reporters.JUnitReportReporter -->
<testsuite hostname="PENNANT-VSP112" failures="0" tests="5" name="test.controllers.BusSearchControllerTest" time="1.037" errors="0" timestamp="2023-06-30T15:49:35 IST" skipped="0">
  <testcase classname="test.controllers.BusSearchControllerTest" name="testGetSearchPage" time="0.003"/>
  <testcase classname="test.controllers.BusSearchControllerTest" name="testGetBusLayout" time="0.043"/>
  <testcase classname="test.controllers.BusSearchControllerTest" name="testAbout" time="0.018"/>
  <testcase classname="test.controllers.BusSearchControllerTest" name="testGetServicesList" time="0.969"/>
  <testcase classname="test.controllers.BusSearchControllerTest" name="testContact" time="0.004"/>
</testsuite> <!-- test.controllers.BusSearchControllerTest -->
