<?xml version="1.0" encoding="UTF-8"?>
<!-- Generated by org.testng.reporters.JUnitReportReporter -->
<testsuite hostname="WL01" failures="0" tests="8" name="com.avengers.bus.services.test.FetchCountImplTest" time="0.052" errors="0" timestamp="2023-07-02T22:58:01 GST" skipped="0">
  <testcase classname="com.avengers.bus.services.test.FetchCountImplTest" name="testGetPastTicketCollection" time="0.003"/>
  <system-out/>
  <testcase classname="com.avengers.bus.services.test.FetchCountImplTest" name="testGetCollection" time="0.005"/>
  <system-out/>
  <testcase classname="com.avengers.bus.services.test.FetchCountImplTest" name="testGetRouteCount" time="0.006"/>
  <system-out/>
  <testcase classname="com.avengers.bus.services.test.FetchCountImplTest" name="testGetUserCount" time="0.002"/>
  <system-out/>
  <testcase classname="com.avengers.bus.services.test.FetchCountImplTest" name="testGetServiceCount" time="0.003"/>
  <system-out/>
  <testcase classname="com.avengers.bus.services.test.FetchCountImplTest" name="testGetBusCount" time="0.026"/>
  <system-out/>
  <testcase classname="com.avengers.bus.services.test.FetchCountImplTest" name="testGetTripCount" time="0.002"/>
  <system-out/>
  <testcase classname="com.avengers.bus.services.test.FetchCountImplTest" name="testGetFutureTicketCollection" time="0.005"/>
  <system-out/>
</testsuite> <!-- com.avengers.bus.services.test.FetchCountImplTest -->
