<?xml version="1.0" encoding="UTF-8"?>
<!-- Generated by org.testng.reporters.JUnitReportReporter -->
<testsuite hostname="WL01" failures="0" tests="6" name="com.avengers.bus.services.test.StationServiceImplTest" time="0.538" errors="0" timestamp="2023-07-02T22:30:23 GST" skipped="0">
  <testcase classname="com.avengers.bus.services.test.StationServiceImplTest" name="testListAll" time="0.029"/>
  <system-out/>
  <testcase classname="com.avengers.bus.services.test.StationServiceImplTest" name="testListAllWithLargeNumberOfStations" time="0.004"/>
  <system-out/>
  <testcase classname="com.avengers.bus.services.test.StationServiceImplTest" name="testListAllWithNoStations" time="0.013"/>
  <system-out/>
  <testcase classname="com.avengers.bus.services.test.StationServiceImplTest" name="testListAllWithEmptyStations" time="0.483"/>
  <system-out/>
  <testcase classname="com.avengers.bus.services.test.StationServiceImplTest" name="testListAllWithException" time="0.006"/>
  <system-out/>
  <testcase classname="com.avengers.bus.services.test.StationServiceImplTest" name="testListAllWithMultipleStations" time="0.003"/>
  <system-out/>
</testsuite> <!-- com.avengers.bus.services.test.StationServiceImplTest -->
