<?xml version="1.0" encoding="UTF-8"?>
<!-- Generated by org.testng.reporters.JUnitReportReporter -->
<testsuite hostname="WL01" failures="0" tests="5" name="com.avengers.bus.services.test.UserPassengersServiceImplTest" time="0.488" errors="0" timestamp="2023-07-02T21:52:41 GST" skipped="0">
  <testcase classname="com.avengers.bus.services.test.UserPassengersServiceImplTest" name="testGetAllUserPassengers_InvalidUserId_ReturnsEmptyList" time="0.035"/>
  <system-out/>
  <testcase classname="com.avengers.bus.services.test.UserPassengersServiceImplTest" name="testGetAllUserPassengers_MultipleUsers_ReturnsCorrectPassengersForUserId" time="0.006"/>
  <system-out/>
  <testcase classname="com.avengers.bus.services.test.UserPassengersServiceImplTest" name="testGetAllUserPassengers_ValidUserId_ReturnsListOfUserPassengers" time="0.005"/>
  <system-out/>
  <testcase classname="com.avengers.bus.services.test.UserPassengersServiceImplTest" name="testGetAllUserPassengers_UserIdWithNoPassengers_ReturnsEmptyList" time="0.438"/>
  <system-out/>
  <testcase classname="com.avengers.bus.services.test.UserPassengersServiceImplTest" name="testGetAllUserPassengers_ValidUserId_ReturnsCorrectNumberOfPassengers" time="0.004"/>
  <system-out/>
</testsuite> <!-- com.avengers.bus.services.test.UserPassengersServiceImplTest -->
