<?xml version="1.0" encoding="UTF-8"?>
<!-- Generated by org.testng.reporters.JUnitReportReporter -->
<testsuite hostname="WL01" failures="0" tests="2" name="com.avengers.bus.services.test.FetchDetailsImplTest" time="0.232" errors="0" timestamp="2023-07-02T22:54:30 GST" skipped="0">
  <testcase classname="com.avengers.bus.services.test.FetchDetailsImplTest" name="testGetServiceDetails" time="0.036"/>
  <system-out/>
  <testcase classname="com.avengers.bus.services.test.FetchDetailsImplTest" name="testGetRouteDetails" time="0.196"/>
  <system-out/>
</testsuite> <!-- com.avengers.bus.services.test.FetchDetailsImplTest -->
