<?xml version="1.0" encoding="UTF-8"?>
<!-- Generated by org.testng.reporters.JUnitReportReporter -->
<testsuite hostname="WL01" failures="0" tests="3" name="com.avengers.bus.services.test.FetchGraphDataImplTest" time="0.259" errors="0" timestamp="2023-07-02T22:49:44 GST" skipped="0">
  <testcase classname="com.avengers.bus.services.test.FetchGraphDataImplTest" name="testGetRouteCollection" time="0.009"/>
  <system-out/>
  <testcase classname="com.avengers.bus.services.test.FetchGraphDataImplTest" name="testGetTripCollection" time="0.004"/>
  <system-out/>
  <testcase classname="com.avengers.bus.services.test.FetchGraphDataImplTest" name="testGetMonthlyCollection" time="0.246"/>
  <system-out/>
</testsuite> <!-- com.avengers.bus.services.test.FetchGraphDataImplTest -->
