<?xml version="1.0" encoding="UTF-8"?>
<!-- Generated by org.testng.reporters.JUnitReportReporter -->
<testsuite hostname="WL01" failures="0" tests="5" name="com.avengers.bus.services.test.FetchListImplTest" time="0.454" errors="0" timestamp="2023-07-02T22:47:05 GST" skipped="0">
  <testcase classname="com.avengers.bus.services.test.FetchListImplTest" name="testGetTicketList" time="0.006"/>
  <system-out/>
  <testcase classname="com.avengers.bus.services.test.FetchListImplTest" name="testGetBusList" time="0.420"/>
  <system-out/>
  <testcase classname="com.avengers.bus.services.test.FetchListImplTest" name="testGetTicketPassengerList" time="0.012"/>
  <system-out/>
  <testcase classname="com.avengers.bus.services.test.FetchListImplTest" name="testGetServiceList" time="0.006"/>
  <system-out/>
  <testcase classname="com.avengers.bus.services.test.FetchListImplTest" name="testGetRouteList" time="0.010"/>
  <system-out/>
</testsuite> <!-- com.avengers.bus.services.test.FetchListImplTest -->
